<?xml version="1.0" encoding="UTF-8"?>
<!-- Generated by org.testng.reporters.JUnitXMLReporter -->
<testsuite ignored="15" hostname="Ivankas-MacBook-Pro.local" failures="0" tests="2" name="Smoke Test" time="7.532" errors="0" timestamp="2020-01-14T19:35:52 CST">
  <testcase classname="com.class01.TitleLogoAndLoginVerification" name="titleValidation" time="0.012"/>
  <testcase classname="com.class01.TitleLogoAndLoginVerification" name="validLogin" time="2.096"/>
  <testcase classname="com.class01.DifferentAnnotations" name="test" time="0.0">
    <ignored/>
  </testcase> <!-- test -->
  <testcase classname="com.class02.TC_VerifyAddedEmployee" name="addEmployee" time="0.0">
    <ignored/>
  </testcase> <!-- addEmployee -->
  <testcase classname="com.class01.TestNGDemo" name="testOne" time="0.0">
    <ignored/>
  </testcase> <!-- testOne -->
  <testcase classname="com.class01.Task1" name="test1" time="0.0">
    <ignored/>
  </testcase> <!-- test1 -->
  <testcase classname="com.class01.TestNGDemo" name="pass" time="0.0">
    <ignored/>
  </testcase> <!-- pass -->
  <testcase classname="com.class01.TestNGDemo" name="secondTest" time="0.0">
    <ignored/>
  </testcase> <!-- secondTest -->
  <testcase classname="com.class02.TC_Assertion" name="validationOfMessage" time="0.0">
    <ignored/>
  </testcase> <!-- validationOfMessage -->
  <testcase classname="com.class02.HW" name="validationOfLogo" time="0.0">
    <ignored/>
  </testcase> <!-- validationOfLogo -->
  <testcase classname="com.class01.Task1" name="test2" time="0.0">
    <ignored/>
  </testcase> <!-- test2 -->
  <testcase classname="com.class02.AssertionsDemo" name="logoValidation" time="0.0">
    <ignored/>
  </testcase> <!-- logoValidation -->
  <testcase classname="com.class02.TC_Assertion" name="validationOfLogo" time="0.0">
    <ignored/>
  </testcase> <!-- validationOfLogo -->
  <testcase classname="com.class02.AssertionsDemo" name="titleValidation" time="0.0">
    <ignored/>
  </testcase> <!-- titleValidation -->
  <testcase classname="com.class02.SoftAssertionDemo" name="logoAndLogin" time="0.0">
    <ignored/>
  </testcase> <!-- logoAndLogin -->
  <testcase classname="com.class02.HW" name="validationOfMessage" time="0.0">
    <ignored/>
  </testcase> <!-- validationOfMessage -->
  <testcase classname="com.class01.TitleLogoAndLoginVerification" name="logoValidation" time="0.0">
    <ignored/>
  </testcase> <!-- logoValidation -->
</testsuite> <!-- Smoke Test -->
