<?xml version="1.0" encoding="UTF-8"?>
<!-- Generated by org.testng.reporters.JUnitXMLReporter -->
<testsuite ignored="3" hostname="Ivankas-MacBook-Pro.local" failures="1" tests="2" name="Regression Test" time="5.628" errors="0" timestamp="2020-01-16T20:37:52 CST">
  <testcase classname="com.class04.LoginAndTitle" name="logoValidation" time="0.059"/>
  <testcase classname="com.class04.LoginAndTitle" name="titleValidation" time="0.009">
    <failure type="java.lang.AssertionError" message="Titles are match expected [Human Management Systems] but found [Human Management System]">
      <![CDATA[java.lang.AssertionError: Titles are match expected [Human Management Systems] but found [Human Management System]
at com.class04.LoginAndTitle.titleValidation(LoginAndTitle.java:25)
at java.base/java.util.ArrayList.forEach(ArrayList.java:1507)
... Removed 31 stack frames]]>
    </failure>
  </testcase> <!-- titleValidation -->
  <testcase classname="com.class04.ListenersDemo" name="test3" time="0.0">
    <ignored/>
  </testcase> <!-- test3 -->
  <testcase classname="com.class04.ListenersDemo" name="test2" time="0.0">
    <ignored/>
  </testcase> <!-- test2 -->
  <testcase classname="com.class04.ListenersDemo" name="test1" time="0.0">
    <ignored/>
  </testcase> <!-- test1 -->
</testsuite> <!-- Regression Test -->
